## Полнотекстовый индекс 
2 варианта на разные поля в таблице bookings.tickets 
1 вариант

```sh
explain
SELECT *
FROM bookings.tickets
WHERE to_tsvector(contact_data) @@ to_tsquery('e_egorov081975@postgrespro.ru');

CREATE INDEX idx_tickets_gin ON bookings.tickets USING GIN (to_tsvector('english', contact_data)); 
analyze bookings.tickets;

"Gather  (cost=1000.00..681726.79 rows=14747 width=104)"
"  Workers Planned: 2"
"  ->  Parallel Seq Scan on tickets  (cost=0.00..679252.09 rows=6145 width=104)"
"        Filter: (to_tsvector(contact_data) @@ to_tsquery('e.belova.07121974@postgrespro.ru'::text))"
"JIT:"
"  Functions: 2"
"  Options: Inlining true, Optimization true, Expressions true, Deforming true"

```
### 2 вариант 

```sh
CREATE INDEX idx_tickets1_gin ON bookings.tickets USING GIN (to_tsvector('english', passenger_name)); 
analyze bookings.tickets;

explain
SELECT *
FROM bookings.tickets
WHERE to_tsvector(passenger_name) @@ to_tsquery('EVGENIY');

"Gather  (cost=1000.00..681816.25 rows=14749 width=104)"
"  Workers Planned: 2"
"  ->  Parallel Seq Scan on tickets  (cost=0.00..679341.35 rows=6145 width=104)"
"        Filter: (to_tsvector(passenger_name) @@ to_tsquery('EVGENIY'::text))"
"JIT:"
"  Functions: 2"
"  Options: Inlining true, Optimization true, Expressions true, Deforming true"
```

Но для jsonb поправила и там отрабатывает по индексу при другом запросе

```sh
CREATE INDEX ON bookings.tickets ((contact_data->>'email'));
analyze bookings.tickets;
explain
SELECT * FROM bookings.tickets WHERE contact_data ->> 'email' = 'aaleksandrov1975@postgrespro.ru';

"Index Scan using tickets_expr_idx1 on tickets  (cost=0.43..8.45 rows=1 width=104)"
"  Index Cond: ((contact_data ->> 'email'::text) = 'aaleksandrov1975@postgrespro.ru'::text)"
```